2022-07-19 11:15:01,088 - __main__ - INFO - Token value: Token not available!
2022-07-19 11:15:01,760 - __main__ - INFO - Weather in Berlin: 30.32
2022-07-19 10:09:58,525 - __main__ - INFO - Token value: 1234
2022-07-19 10:09:58,949 - __main__ - INFO - Weather in Berlin: 32.56
2022-07-19 12:17:50,405 - __main__ - INFO - Token value: 1234
2022-07-19 12:17:50,875 - __main__ - INFO - Weather in Berlin: 33.66
2022-07-19 14:09:00,868 - __main__ - INFO - Token value: 1234
2022-07-19 14:09:01,435 - __main__ - INFO - Weather in Berlin: 34.86
2022-07-19 16:12:16,906 - __main__ - INFO - Token value: 1234
2022-07-19 16:12:17,306 - __main__ - INFO - Weather in Berlin: 34.28
2022-07-19 18:10:53,682 - __main__ - INFO - Token value: 1234
2022-07-19 18:10:53,844 - __main__ - INFO - Weather in Berlin: 31.9
2022-07-19 20:09:35,027 - __main__ - INFO - Token value: 1234
2022-07-19 20:09:35,139 - __main__ - INFO - Weather in Berlin: 27.52
2022-07-19 22:09:04,334 - __main__ - INFO - Token value: 1234
2022-07-19 22:09:04,912 - __main__ - INFO - Weather in Berlin: 25.4
2022-07-20 00:46:12,649 - __main__ - INFO - Token value: 1234
2022-07-20 00:46:13,296 - __main__ - INFO - Weather in Berlin: 24.18
2022-07-20 03:36:18,748 - __main__ - INFO - Token value: 1234
2022-07-20 03:36:18,916 - __main__ - INFO - Weather in Berlin: 22.12
2022-07-20 04:30:43,477 - __main__ - INFO - Token value: 1234
2022-07-20 04:30:43,776 - __main__ - INFO - Weather in Berlin: 21.64
2022-07-20 06:11:40,340 - __main__ - INFO - Token value: 1234
2022-07-20 06:11:41,194 - __main__ - INFO - Weather in Berlin: 24.95
2022-07-20 08:12:25,109 - __main__ - INFO - Token value: 1234
2022-07-20 08:12:25,397 - __main__ - INFO - Weather in Berlin: 30.85
2022-07-20 10:09:27,874 - __main__ - INFO - Token value: 1234
2022-07-20 10:09:28,041 - __main__ - INFO - Weather in Berlin: 35.42
2022-07-20 12:16:14,801 - __main__ - INFO - Token value: 1234
2022-07-20 12:16:15,447 - __main__ - INFO - Weather in Berlin: 36.64
2022-07-20 14:10:42,143 - __main__ - INFO - Token value: 1234
2022-07-20 14:10:42,285 - __main__ - INFO - Weather in Berlin: 37.34
2022-07-20 16:11:32,101 - __main__ - INFO - Token value: 1234
2022-07-20 16:11:32,270 - __main__ - INFO - Weather in Berlin: 36.32
2022-07-20 18:11:08,871 - __main__ - INFO - Token value: 1234
2022-07-20 18:11:09,450 - __main__ - INFO - Weather in Berlin: 35.75
2022-07-20 20:10:07,208 - __main__ - INFO - Token value: 1234
2022-07-20 20:10:07,807 - __main__ - INFO - Weather in Berlin: 29.16
2022-07-20 22:08:32,880 - __main__ - INFO - Token value: 1234
2022-07-20 22:08:33,309 - __main__ - INFO - Weather in Berlin: 27.72
2022-07-21 00:51:04,670 - __main__ - INFO - Token value: 1234
2022-07-21 00:51:04,945 - __main__ - INFO - Weather in Berlin: 25.62
2022-07-21 03:32:21,183 - __main__ - INFO - Token value: 1234
2022-07-21 03:32:21,622 - __main__ - INFO - Weather in Berlin: 24.17
2022-07-21 04:33:49,059 - __main__ - INFO - Token value: 1234
2022-07-21 04:33:49,712 - __main__ - INFO - Weather in Berlin: 23.8
2022-07-21 06:11:40,676 - __main__ - INFO - Token value: 1234
2022-07-21 06:11:41,078 - __main__ - INFO - Weather in Berlin: 24.1
2022-07-21 08:11:51,774 - __main__ - INFO - Token value: 1234
2022-07-21 08:11:51,925 - __main__ - INFO - Weather in Berlin: 26.61
2022-07-21 10:10:48,231 - __main__ - INFO - Token value: 1234
2022-07-21 10:10:48,658 - __main__ - INFO - Weather in Berlin: 29.39
2022-07-21 12:16:51,452 - __main__ - INFO - Token value: 1234
2022-07-21 12:16:52,210 - __main__ - INFO - Weather in Berlin: 29.02
2022-07-21 14:10:13,059 - __main__ - INFO - Token value: 1234
2022-07-21 14:10:13,760 - __main__ - INFO - Weather in Berlin: 24.62
2022-07-21 16:11:48,481 - __main__ - INFO - Token value: 1234
2022-07-21 16:11:49,254 - __main__ - INFO - Weather in Berlin: 24.51
2022-07-21 18:11:19,590 - __main__ - INFO - Token value: 1234
2022-07-21 18:11:19,965 - __main__ - INFO - Weather in Berlin: 25.79
2022-07-21 20:10:30,244 - __main__ - INFO - Token value: 1234
2022-07-21 20:10:30,328 - __main__ - INFO - Weather in Berlin: 22.77
2022-07-25 00:44:39,700 - __main__ - INFO - Token value: 1234
2022-07-25 00:44:40,082 - __main__ - INFO - Weather in Berlin: 19.9
2022-08-01 00:54:12,206 - __main__ - INFO - Token value: 1234
2022-08-01 00:54:12,694 - __main__ - INFO - Weather in Berlin: 20.23
2022-08-08 00:40:42,506 - __main__ - INFO - Token value: 1234
2022-08-08 00:40:42,610 - __main__ - INFO - Weather in Berlin: 16.92
2022-08-15 00:44:48,218 - __main__ - INFO - Token value: 1234
2022-08-15 00:44:48,828 - __main__ - INFO - Weather in Berlin: 22.05
2022-08-22 00:46:22,483 - __main__ - INFO - Token value: 1234
2022-08-22 00:46:22,604 - __main__ - INFO - Weather in Berlin: 16.54
2022-08-29 00:51:03,885 - __main__ - INFO - Token value: 1234
2022-08-29 00:51:04,463 - __main__ - INFO - Weather in Berlin: 13.61
2022-09-05 00:54:44,539 - __main__ - INFO - Token value: 1234
2022-09-05 00:54:45,065 - __main__ - INFO - Weather in Berlin: 15.8
2022-09-12 00:48:56,255 - __main__ - INFO - Token value: 1234
2022-09-12 00:48:56,362 - __main__ - INFO - Weather in Berlin: 12.68
2022-09-19 00:51:28,986 - __main__ - INFO - Token value: 1234
2022-09-19 00:51:29,073 - __main__ - INFO - Weather in Berlin: 8.79
2022-09-26 00:54:36,285 - __main__ - INFO - Token value: 1234
2022-09-26 00:54:36,670 - __main__ - INFO - Weather in Berlin: 11.75
2022-10-03 00:53:53,511 - __main__ - INFO - Token value: 1234
2022-10-03 00:53:54,115 - __main__ - INFO - Weather in Berlin: 11.07
2022-10-10 00:59:22,592 - __main__ - INFO - Token value: 1234
2022-10-10 00:59:22,684 - __main__ - INFO - Weather in Berlin: 7.73
2022-10-17 01:03:34,041 - __main__ - INFO - Token value: 1234
2022-10-17 01:03:34,808 - __main__ - INFO - Weather in Berlin: 13.02
2022-10-24 01:05:23,964 - __main__ - INFO - Token value: 1234
2022-10-24 01:05:24,197 - __main__ - INFO - Weather in Berlin: 13.27
2022-10-31 00:56:50,347 - __main__ - INFO - Token value: 1234
2022-10-31 00:56:50,781 - __main__ - INFO - Weather in Berlin: 13.45
2022-11-07 00:46:30,914 - __main__ - INFO - Token value: 1234
2022-11-07 00:46:31,482 - __main__ - INFO - Weather in Berlin: 6.9
2022-11-14 00:42:53,014 - __main__ - INFO - Token value: 1234
2022-11-14 00:42:53,136 - __main__ - INFO - Weather in Berlin: 6.58
2022-11-21 00:44:54,383 - __main__ - INFO - Token value: 1234
2022-11-21 00:44:54,891 - __main__ - INFO - Weather in Berlin: -1.89
2022-11-28 00:38:10,868 - __main__ - INFO - Token value: 1234
2022-11-28 00:38:10,962 - __main__ - INFO - Weather in Berlin: 4.03
2022-12-05 00:37:36,747 - __main__ - INFO - Token value: 1234
2022-12-05 00:37:37,346 - __main__ - INFO - Weather in Berlin: 2.48
2022-12-12 00:40:48,194 - __main__ - INFO - Token value: 1234
2022-12-12 00:40:48,347 - __main__ - INFO - Weather in Berlin: -1.51
2022-12-19 00:34:22,668 - __main__ - INFO - Token value: 1234
2022-12-19 00:34:23,349 - __main__ - INFO - Weather in Berlin: -4.73
2022-12-26 00:37:57,455 - __main__ - INFO - Token value: 1234
2022-12-26 00:37:58,555 - __main__ - INFO - Weather in Berlin: 8.58
2023-01-02 00:37:45,571 - __main__ - INFO - Token value: 1234
2023-01-02 00:37:46,198 - __main__ - INFO - Weather in Berlin: 11.86
2023-01-09 00:37:48,669 - __main__ - INFO - Token value: 1234
2023-01-09 00:37:49,006 - __main__ - INFO - Weather in Berlin: 5.01
2023-01-16 00:38:39,973 - __main__ - INFO - Token value: 1234
2023-01-16 00:38:40,358 - __main__ - INFO - Weather in Berlin: 4.9
2023-01-23 00:37:11,897 - __main__ - INFO - Token value: 1234
2023-01-23 00:37:12,431 - __main__ - INFO - Weather in Berlin: 1.65
2023-01-30 00:35:30,776 - __main__ - INFO - Token value: 1234
2023-01-30 00:35:31,351 - __main__ - INFO - Weather in Berlin: 1.63
2023-02-06 00:37:40,919 - __main__ - INFO - Token value: 1234
2023-02-06 00:37:41,397 - __main__ - INFO - Weather in Berlin: -2.01
2023-02-13 00:41:55,645 - __main__ - INFO - Token value: 1234
2023-02-13 00:41:56,334 - __main__ - INFO - Weather in Berlin: 7.16
2023-02-20 00:42:40,136 - __main__ - INFO - Token value: 1234
2023-02-20 00:42:40,714 - __main__ - INFO - Weather in Berlin: 2.39
2023-02-27 00:41:12,914 - __main__ - INFO - Token value: 1234
2023-02-27 00:41:13,506 - __main__ - INFO - Weather in Berlin: -1.34
2023-03-06 00:41:41,381 - __main__ - INFO - Token value: 1234
2023-03-06 00:41:41,518 - __main__ - INFO - Weather in Berlin: 0.94
2023-03-13 00:39:58,538 - __main__ - INFO - Token value: 1234
2023-03-13 00:39:58,984 - __main__ - INFO - Weather in Berlin: 5.94
2023-03-20 00:40:52,346 - __main__ - INFO - Token value: 1234
2023-03-20 00:40:52,864 - __main__ - INFO - Weather in Berlin: 10.36
2023-03-27 00:37:03,135 - __main__ - INFO - Token value: 1234
2023-03-27 00:37:03,579 - __main__ - INFO - Weather in Berlin: 4.49
2023-04-03 00:37:03,535 - __main__ - INFO - Token value: 1234
2023-04-03 00:37:03,887 - __main__ - INFO - Weather in Berlin: 1.06
2023-04-10 00:36:03,126 - __main__ - INFO - Token value: 1234
2023-04-10 00:36:03,601 - __main__ - INFO - Weather in Berlin: 6.65
2023-04-17 00:38:11,628 - __main__ - INFO - Token value: 1234
2023-04-17 00:38:11,958 - __main__ - INFO - Weather in Berlin: 7.47
2023-04-24 00:37:25,968 - __main__ - INFO - Token value: 1234
2023-04-24 00:37:26,548 - __main__ - INFO - Weather in Berlin: 11.24
2023-05-01 00:38:28,593 - __main__ - INFO - Token value: 1234
2023-05-01 00:38:29,237 - __main__ - INFO - Weather in Berlin: 4.74
2023-05-08 00:35:59,553 - __main__ - INFO - Token value: 1234
2023-05-08 00:36:00,012 - __main__ - INFO - Weather in Berlin: 8.12
2023-05-15 00:37:43,779 - __main__ - INFO - Token value: 1234
2023-05-15 00:37:44,323 - __main__ - INFO - Weather in Berlin: 13.01
2023-05-22 00:38:44,183 - __main__ - INFO - Token value: 1234
2023-05-22 00:38:44,825 - __main__ - INFO - Weather in Berlin: 18.93
2023-05-29 00:38:32,685 - __main__ - INFO - Token value: 1234
2023-05-29 00:38:33,317 - __main__ - INFO - Weather in Berlin: 13.49
2023-06-05 00:42:16,214 - __main__ - INFO - Token value: 1234
2023-06-05 00:42:16,354 - __main__ - INFO - Weather in Berlin: 12.54
2023-06-12 00:44:40,761 - __main__ - INFO - Token value: 1234
2023-06-12 00:44:41,287 - __main__ - INFO - Weather in Berlin: 17.95
2023-06-19 00:41:31,896 - __main__ - INFO - Token value: 1234
2023-06-19 00:41:32,077 - __main__ - INFO - Weather in Berlin: 17.46
2023-06-26 00:48:35,778 - __main__ - INFO - Token value: 1234
2023-06-26 00:48:35,965 - __main__ - INFO - Weather in Berlin: 19.96
2023-07-03 00:47:50,515 - __main__ - INFO - Token value: 1234
2023-07-03 00:47:51,503 - __main__ - INFO - Weather in Berlin: 14.82
2023-07-10 00:47:49,548 - __main__ - INFO - Token value: 1234
2023-07-10 00:47:50,169 - __main__ - INFO - Weather in Berlin: 21.4
2023-07-17 00:50:57,487 - __main__ - INFO - Token value: 1234
2023-07-17 00:50:58,057 - __main__ - INFO - Weather in Berlin: 17.68
2023-07-24 00:41:28,744 - __main__ - INFO - Token value: 1234
2023-07-24 00:41:29,341 - __main__ - INFO - Weather in Berlin: 19.18
2023-07-31 00:41:40,366 - __main__ - INFO - Token value: 1234
2023-07-31 00:41:40,950 - __main__ - INFO - Weather in Berlin: 15.06
2023-08-07 00:39:33,017 - __main__ - INFO - Token value: 1234
2023-08-07 00:39:33,591 - __main__ - INFO - Weather in Berlin: 14.24
2023-08-14 00:32:09,980 - __main__ - INFO - Token value: 1234
2023-08-14 00:32:10,569 - __main__ - INFO - Weather in Berlin: 19.18
2023-08-21 00:31:40,538 - __main__ - INFO - Token value: 1234
2023-08-21 00:31:41,217 - __main__ - INFO - Weather in Berlin: 20.29
2023-08-28 00:32:45,300 - __main__ - INFO - Token value: 1234
2023-08-28 00:32:45,759 - __main__ - INFO - Weather in Berlin: 15.49
2023-09-04 00:32:51,578 - __main__ - INFO - Token value: 1234
2023-09-04 00:32:51,721 - __main__ - INFO - Weather in Berlin: 13.88
2023-09-11 00:33:02,029 - __main__ - INFO - Token value: 1234
2023-09-11 00:33:02,311 - __main__ - INFO - Weather in Berlin: 19.79
2023-09-18 00:33:08,034 - __main__ - INFO - Token value: 1234
2023-09-18 00:33:08,622 - __main__ - INFO - Weather in Berlin: 18.77
2023-09-25 00:33:31,589 - __main__ - INFO - Token value: 1234
2023-09-25 00:33:32,204 - __main__ - INFO - Weather in Berlin: 11.97
2023-10-02 00:33:45,247 - __main__ - INFO - Token value: 1234
2023-10-02 00:33:45,432 - __main__ - INFO - Weather in Berlin: 16.15
2023-10-09 00:33:46,073 - __main__ - INFO - Token value: 1234
2023-10-09 00:33:46,678 - __main__ - INFO - Weather in Berlin: 10.35
2023-10-16 00:34:12,581 - __main__ - INFO - Token value: 1234
2023-10-16 00:34:13,068 - __main__ - INFO - Weather in Berlin: 6.05
2023-10-23 00:33:38,346 - __main__ - INFO - Token value: 1234
2023-10-23 00:33:38,481 - __main__ - INFO - Weather in Berlin: 11.05
2023-10-30 00:34:04,551 - __main__ - INFO - Token value: 1234
2023-10-30 00:34:05,043 - __main__ - INFO - Weather in Berlin: 12.19
2023-11-06 00:41:13,177 - __main__ - INFO - Token value: 
2023-11-06 00:41:13,369 - __main__ - INFO - Weather in Berlin: 10.71
2023-11-13 00:41:40,914 - __main__ - INFO - Token value: 
2023-11-13 00:41:41,503 - __main__ - INFO - Weather in Berlin: 6.21
2023-11-20 00:42:26,509 - __main__ - INFO - Token value: 
2023-11-20 00:42:27,177 - __main__ - INFO - Weather in Berlin: 9.57
2023-11-27 00:42:04,100 - __main__ - INFO - Token value: 
2023-11-27 00:42:04,247 - __main__ - INFO - Weather in Berlin: -0.92
2023-12-04 00:42:17,354 - __main__ - INFO - Token value: 
2023-12-04 00:42:17,713 - __main__ - INFO - Weather in Berlin: -5.01
2023-12-11 00:42:54,740 - __main__ - INFO - Token value: 
2023-12-11 00:42:55,652 - __main__ - INFO - Weather in Berlin: 6.34
2023-12-18 00:42:55,612 - __main__ - INFO - Token value: 
2023-12-18 00:42:56,282 - __main__ - INFO - Weather in Berlin: 5.87
2023-12-25 00:42:16,005 - __main__ - INFO - Token value: 
2023-12-25 00:42:16,535 - __main__ - INFO - Weather in Berlin: 9.67
2024-01-01 00:46:23,475 - __main__ - INFO - Token value: 
2024-01-01 00:46:24,507 - __main__ - INFO - Weather in Berlin: 5.89
2024-01-08 00:43:04,926 - __main__ - INFO - Token value: 
2024-01-08 00:43:06,024 - __main__ - INFO - Weather in Berlin: -6.67
2024-01-15 00:44:17,075 - __main__ - INFO - Token value: 
2024-01-15 00:44:17,871 - __main__ - INFO - Weather in Berlin: 2.04
2024-01-22 00:44:37,853 - __main__ - INFO - Token value: 
2024-01-22 00:44:38,435 - __main__ - INFO - Weather in Berlin: 2.86
2024-01-29 00:40:00,579 - __main__ - INFO - Token value: 
2024-01-29 00:40:01,230 - __main__ - INFO - Weather in Berlin: 1.69
2024-02-05 00:40:50,592 - __main__ - INFO - Token value: 
2024-02-12 00:40:11,270 - __main__ - INFO - Token value: 
2024-02-19 00:40:47,723 - __main__ - INFO - Token value: 
2024-02-26 00:40:51,069 - __main__ - INFO - Token value: 
2024-03-04 00:40:17,923 - __main__ - INFO - Token value: 
2024-03-11 00:40:50,215 - __main__ - INFO - Token value: 
2024-03-18 00:40:46,788 - __main__ - INFO - Token value: 
2024-03-25 00:41:21,778 - __main__ - INFO - Token value: 
2024-04-01 00:44:42,968 - __main__ - INFO - Token value: 
2024-04-08 00:41:41,155 - __main__ - INFO - Token value: 
2024-04-15 03:08:22,832 - __main__ - INFO - Token value: 
2024-04-22 00:42:36,820 - __main__ - INFO - Token value: 
2024-04-29 00:42:16,028 - __main__ - INFO - Token value: 
2024-05-06 00:42:42,819 - __main__ - INFO - Token value: 
2024-05-13 00:43:39,536 - __main__ - INFO - Token value: 
2024-05-20 00:43:26,749 - __main__ - INFO - Token value: 
2024-05-27 00:44:03,634 - __main__ - INFO - Token value: 
2024-06-03 00:44:47,273 - __main__ - INFO - Token value: 
2024-06-10 00:45:59,664 - __main__ - INFO - Token value: 
2024-06-17 00:46:48,137 - __main__ - INFO - Token value: 
2024-06-24 00:46:34,846 - __main__ - INFO - Token value: 
2024-07-01 00:52:01,444 - __main__ - INFO - Token value: 
2024-07-08 00:47:28,376 - __main__ - INFO - Token value: 
2024-07-15 00:48:42,736 - __main__ - INFO - Token value: 
2024-07-22 00:49:09,998 - __main__ - INFO - Token value: 
2024-07-29 00:48:59,531 - __main__ - INFO - Token value: 
2024-08-05 00:49:41,813 - __main__ - INFO - Token value: 
2024-08-12 00:50:19,355 - __main__ - INFO - Token value: 
2024-08-19 00:49:20,088 - __main__ - INFO - Token value: 
2024-08-26 00:49:10,708 - __main__ - INFO - Token value: 
2024-09-02 00:52:14,778 - __main__ - INFO - Token value: 
2024-09-09 00:53:18,753 - __main__ - INFO - Token value: 
2024-09-16 00:54:54,953 - __main__ - INFO - Token value: 
2024-09-23 00:54:19,108 - __main__ - INFO - Token value: 
2024-09-30 00:56:06,163 - __main__ - INFO - Token value: 
2024-10-07 00:56:00,913 - __main__ - INFO - Token value: 
2024-10-14 00:55:54,944 - __main__ - INFO - Token value: 
2024-10-21 00:56:11,506 - __main__ - INFO - Token value: 
2024-10-28 00:57:09,944 - __main__ - INFO - Token value: 
2024-11-04 00:56:27,480 - __main__ - INFO - Token value: 
2024-11-11 00:55:10,252 - __main__ - INFO - Token value: 
2024-11-18 00:58:48,042 - __main__ - INFO - Token value: 
2024-11-25 00:58:31,784 - __main__ - INFO - Token value: 
2024-12-02 01:00:42,143 - __main__ - INFO - Token value: 
2024-12-09 01:01:21,642 - __main__ - INFO - Token value: 
2024-12-16 01:01:45,568 - __main__ - INFO - Token value: 
2024-12-23 00:56:12,940 - __main__ - INFO - Token value: 
2024-12-30 00:56:44,256 - __main__ - INFO - Token value: 
2025-01-06 00:57:33,028 - __main__ - INFO - Token value: 
2025-01-13 00:58:22,149 - __main__ - INFO - Token value: 
2025-01-20 00:54:25,243 - __main__ - INFO - Token value: 
2025-01-27 00:54:46,045 - __main__ - INFO - Token value: 
2025-02-03 00:55:01,015 - __main__ - INFO - Token value: 
2025-02-10 00:55:35,422 - __main__ - INFO - Token value: 
2025-02-17 00:57:07,539 - __main__ - INFO - Token value: 
2025-02-24 00:57:02,865 - __main__ - INFO - Token value: 
2025-03-03 00:58:13,748 - __main__ - INFO - Token value: 
2025-03-10 00:48:00,500 - __main__ - INFO - Token value: 
2025-03-17 00:59:25,962 - __main__ - INFO - Token value: 
2025-03-24 01:00:12,376 - __main__ - INFO - Token value: 
2025-03-31 01:02:02,181 - __main__ - INFO - Token value: 
2025-04-07 01:01:11,575 - __main__ - INFO - Token value: 
2025-04-14 01:02:36,083 - __main__ - INFO - Token value: 
2025-04-21 01:03:38,076 - __main__ - INFO - Token value: 
2025-04-28 01:03:03,462 - __main__ - INFO - Token value: 
2025-05-05 01:04:46,182 - __main__ - INFO - Token value: 
2025-05-12 01:05:03,661 - __main__ - INFO - Token value: 
2025-05-19 01:06:08,858 - __main__ - INFO - Token value: 
2025-05-26 01:05:11,073 - __main__ - INFO - Token value: 
2025-06-02 01:06:41,703 - __main__ - INFO - Token value: 
2025-06-09 01:08:05,563 - __main__ - INFO - Token value: 
2025-06-16 01:07:08,044 - __main__ - INFO - Token value: 
2025-06-23 01:08:59,088 - __main__ - INFO - Token value: 
2025-06-30 01:09:47,266 - __main__ - INFO - Token value: 
2025-07-07 01:10:03,230 - __main__ - INFO - Token value: 
2025-07-14 01:10:51,043 - __main__ - INFO - Token value: 
2025-07-21 01:13:19,205 - __main__ - INFO - Token value: 
2025-07-28 01:14:27,234 - __main__ - INFO - Token value: 
2025-08-04 01:16:13,723 - __main__ - INFO - Token value: 
2025-08-11 01:11:56,737 - __main__ - INFO - Token value: 
2025-08-18 01:10:11,500 - __main__ - INFO - Token value: 
2025-08-25 01:04:15,413 - __main__ - INFO - Token value: 
2025-09-01 01:10:28,717 - __main__ - INFO - Token value: 
2025-09-08 01:01:56,352 - __main__ - INFO - Token value: 
2025-09-15 01:02:46,525 - __main__ - INFO - Token value: 
2025-09-22 01:03:47,902 - __main__ - INFO - Token value: 
2025-09-29 01:00:29,004 - __main__ - INFO - Token value: 
2025-10-06 00:59:33,305 - __main__ - INFO - Token value: 
2025-10-13 01:03:12,279 - __main__ - INFO - Token value: 
2025-10-20 01:04:38,274 - __main__ - INFO - Token value: 
2025-10-27 01:06:11,507 - __main__ - INFO - Token value: 
2025-11-03 01:05:04,359 - __main__ - INFO - Token value: 
2025-11-10 01:05:40,458 - __main__ - INFO - Token value: 
2025-11-17 01:04:15,821 - __main__ - INFO - Token value: 
2025-11-24 01:07:30,156 - __main__ - INFO - Token value: 
2025-12-01 01:15:46,569 - __main__ - INFO - Token value: 
2025-12-08 01:05:35,375 - __main__ - INFO - Token value: 
2025-12-15 01:08:56,123 - __main__ - INFO - Token value: 
2025-12-22 01:10:13,044 - __main__ - INFO - Token value: 
2025-12-29 01:13:10,579 - __main__ - INFO - Token value: 
